26676
checking the 0 th times
processing : 9
prot number : 1
memerory cost :  4192
checking the 1 th times
processing : 19
prot number : 19
memerory cost :  4324
checking the 2 th times
processing : 438
prot number : 440
memerory cost :  4324
checking the 3 th times
processing : 866
prot number : 879
memerory cost :  4324
checking the 4 th times
processing : 1029
prot number : 1021
memerory cost :  8284
checking the 5 th times
processing : 1029
prot number : 1021
memerory cost : 10396
checking the 6 th times
processing : 1029
prot number : 1021
memerory cost : 13564
checking the 7 th times
processing : 1029
prot number : 1021
memerory cost : 16600
checking the 8 th times
processing : 1029
prot number : 1021
memerory cost : 20296
checking the 9 th times
processing : 1029
prot number : 1021
memerory cost : 22936
checking the 10 th times
processing : 1029
prot number : 1021
memerory cost : 26500
checking the 11 th times
processing : 1029
prot number : 1021
memerory cost : 29272
checking the 12 th times
processing : 1029
prot number : 1021
memerory cost : 32440
checking the 13 th times
processing : 1029
prot number : 1021
memerory cost : 35872
checking the 14 th times
processing : 1029
prot number : 1021
memerory cost : 37984
checking the 15 th times
processing : 1029
prot number : 1021
memerory cost : 40360
checking the 16 th times
processing : 1029
prot number : 1021
memerory cost : 43528
checking the 17 th times
processing : 1029
prot number : 1021
memerory cost : 46036
checking the 18 th times
processing : 1029
prot number : 1021
memerory cost : 49204
checking the 19 th times
processing : 1029
prot number : 1021
memerory cost : 51448
checking the 20 th times
processing : 1029
prot number : 1021
memerory cost : 53824
checking the 21 th times
processing : 1029
prot number : 1021
memerory cost : 56068
checking the 22 th times
processing : 1029
prot number : 1021
memerory cost : 60028
checking the 23 th times
processing : 1029
prot number : 1021
memerory cost : 63064
checking the 24 th times
processing : 1029
prot number : 1021
memerory cost : 65440
checking the 25 th times
processing : 1029
prot number : 1021
memerory cost : 67684
checking the 26 th times
processing : 1029
prot number : 1021
memerory cost : 70588
checking the 27 th times
processing : 1029
prot number : 1021
memerory cost : 74284
checking the 28 th times
processing : 1029
prot number : 1021
memerory cost : 77320
checking the 29 th times
processing : 1029
prot number : 1021
memerory cost : 79696
checking the 30 th times
processing : 1029
prot number : 1021
memerory cost : 82204
checking the 31 th times
processing : 1029
prot number : 1021
memerory cost : 84712
checking the 32 th times
processing : 1029
prot number : 1021
memerory cost : 88804
checking the 33 th times
processing : 1029
prot number : 1021
memerory cost : 91972
checking the 34 th times
processing : 1029
prot number : 1021
memerory cost : 94480
checking the 35 th times
processing : 1029
prot number : 1021
memerory cost : 96988
checking the 36 th times
processing : 1029
prot number : 1021
memerory cost : 99496
checking the 37 th times
processing : 1029
prot number : 1021
memerory cost :102136
checking the 38 th times
processing : 1029
prot number : 1021
memerory cost :104644
checking the 39 th times
processing : 1029
prot number : 1021
memerory cost :104776
checking the 40 th times
processing : 1029
prot number : 1021
memerory cost :109792
checking the 41 th times
processing : 1029
prot number : 1021
memerory cost :112300
checking the 42 th times
processing : 1029
prot number : 1021
memerory cost :115204
checking the 43 th times
processing : 1029
prot number : 1021
memerory cost :119164
checking the 44 th times
processing : 1029
prot number : 1021
memerory cost :122596
checking the 45 th times
processing : 1029
prot number : 1021
memerory cost :125236
checking the 46 th times
processing : 1029
prot number : 1021
memerory cost :127876
checking the 47 th times
processing : 1029
prot number : 1021
memerory cost :130516
checking the 48 th times
processing : 1029
prot number : 1021
memerory cost :133948
checking the 49 th times
processing : 1029
prot number : 1021
memerory cost :138040
checking the 50 th times
processing : 1029
prot number : 1021
memerory cost :141208
checking the 51 th times
processing : 1029
prot number : 1021
memerory cost :143848
checking the 52 th times
processing : 1029
prot number : 1021
memerory cost :146620
checking the 53 th times
